-1
0
-1
-1
-1
-1
-1
1
-1
-1
0
0
0
0
0
8860
9317 9935 
9317
9935
1
7170 9935 
0
7170
7170
9935
0
0
3461
2
2
8559 9935 
784
784 1354 8559 9935 
784
0
1354 9935 8559 
4
0
4
6
1067 7178 1354 9935 9205 8559 1821 
1067
1067 2270 1354 7178 9205 8559 1821 9935 
8
0
8
8
8
1067
0
1067
1354 2270 1821 7178 9205 8559 9935 
1354
1821
1047
1047
1047
1047
8
8
1821
0
1821 2196 7178 2270 9205 8559 9935 5027 6642 
1821
0
2196
2196
2196
0
2196 2270 7178 5027 9205 8559 9935 6642 8501 
2196
2270 5027 7178 6642 9205 8559 9935 8501 
8
2270
0
5027
5027
6
6
6642
5
7178
